2016-03-23 20:42:49.3656 ERROR {0}
2016-03-23 21:41:08.2566 ERROR NHibernate.Exceptions.GenericADOException: could not execute batch command.[SQL: SQL not available] ---> System.Data.SqlClient.SqlException: Cannot insert duplicate key row in object 'dbo.Group' with unique index 'ClusteredIndex-GroupName'. The duplicate key value is (asd).
The statement has been terminated.
   w System.Data.SqlClient.SqlConnection.OnError(SqlException exception, Boolean breakConnection, Action`1 wrapCloseInAction)
   w System.Data.SqlClient.SqlInternalConnection.OnError(SqlException exception, Boolean breakConnection, Action`1 wrapCloseInAction)
   w System.Data.SqlClient.TdsParser.ThrowExceptionAndWarning(TdsParserStateObject stateObj, Boolean callerHasConnectionLock, Boolean asyncClose)
   w System.Data.SqlClient.TdsParser.TryRun(RunBehavior runBehavior, SqlCommand cmdHandler, SqlDataReader dataStream, BulkCopySimpleResultSet bulkCopyHandler, TdsParserStateObject stateObj, Boolean& dataReady)
   w System.Data.SqlClient.SqlCommand.FinishExecuteReader(SqlDataReader ds, RunBehavior runBehavior, String resetOptionsString)
   w System.Data.SqlClient.SqlCommand.RunExecuteReaderTds(CommandBehavior cmdBehavior, RunBehavior runBehavior, Boolean returnStream, Boolean async, Int32 timeout, Task& task, Boolean asyncWrite, SqlDataReader ds, Boolean describeParameterEncryptionRequest)
   w System.Data.SqlClient.SqlCommand.RunExecuteReader(CommandBehavior cmdBehavior, RunBehavior runBehavior, Boolean returnStream, String method, TaskCompletionSource`1 completion, Int32 timeout, Task& task, Boolean asyncWrite)
   w System.Data.SqlClient.SqlCommand.InternalExecuteNonQuery(TaskCompletionSource`1 completion, String methodName, Boolean sendToPipe, Int32 timeout, Boolean asyncWrite)
   w System.Data.SqlClient.SqlCommand.ExecuteNonQuery()
   w System.Data.SqlClient.SqlCommand.ExecuteBatchRPCCommand()
   w System.Data.SqlClient.SqlCommandSet.ExecuteNonQuery()
   w NHibernate.AdoNet.SqlClientSqlCommandSet.ExecuteNonQuery()
   w NHibernate.AdoNet.SqlClientBatchingBatcher.DoExecuteBatch(IDbCommand ps)
   --- Koniec œladu stosu wyj¹tków wewnêtrznych ---
   w NHibernate.AdoNet.SqlClientBatchingBatcher.DoExecuteBatch(IDbCommand ps)
   w NHibernate.AdoNet.AbstractBatcher.ExecuteBatchWithTiming(IDbCommand ps)
   w NHibernate.AdoNet.AbstractBatcher.ExecuteBatch()
   w NHibernate.Engine.ActionQueue.ExecuteActions(IList list)
   w NHibernate.Engine.ActionQueue.ExecuteActions()
   w NHibernate.Event.Default.AbstractFlushingEventListener.PerformExecutions(IEventSource session)
   w NHibernate.Event.Default.DefaultFlushEventListener.OnFlush(FlushEvent event)
   w NHibernate.Impl.SessionImpl.Flush()
   w Elrob.Terminal.Model.Implementations.Item.GroupItemModel.UpdateGroup(Group group) w d:\Dysk Google\Projekty C#\Elrob\Elrob\Model\Implementations\Item\GroupItemModel.cs:wiersz 38
   w Elrob.Terminal.Presenter.Implementation.Item.GroupItemPresenter.AcceptChanges(Boolean IsInEditMode) w d:\Dysk Google\Projekty C#\Elrob\Elrob\Presenter\Implementation\Item\GroupItemPresenter.cs:wiersz 58
   w Elrob.Terminal.View.Implementations.Item.GroupItemView.buttonAccept_Click(Object sender, EventArgs e) w d:\Dysk Google\Projekty C#\Elrob\Elrob\View\Implementations\Item\GroupItemView.cs:wiersz 31
   w System.Windows.Forms.Control.OnClick(EventArgs e)
   w System.Windows.Forms.Button.OnClick(EventArgs e)
   w System.Windows.Forms.Button.OnMouseUp(MouseEventArgs mevent)
   w System.Windows.Forms.Control.WmMouseUp(Message& m, MouseButtons button, Int32 clicks)
   w System.Windows.Forms.Control.WndProc(Message& m)
   w System.Windows.Forms.ButtonBase.WndProc(Message& m)
   w System.Windows.Forms.Button.WndProc(Message& m)
   w System.Windows.Forms.Control.ControlNativeWindow.OnMessage(Message& m)
   w System.Windows.Forms.Control.ControlNativeWindow.WndProc(Message& m)
   w System.Windows.Forms.NativeWindow.DebuggableCallback(IntPtr hWnd, Int32 msg, IntPtr wparam, IntPtr lparam)
   w System.Windows.Forms.UnsafeNativeMethods.DispatchMessageW(MSG& msg)
   w System.Windows.Forms.Application.ComponentManager.System.Windows.Forms.UnsafeNativeMethods.IMsoComponentManager.FPushMessageLoop(IntPtr dwComponentID, Int32 reason, Int32 pvLoopData)
   w System.Windows.Forms.Application.ThreadContext.RunMessageLoopInner(Int32 reason, ApplicationContext context)
   w System.Windows.Forms.Application.ThreadContext.RunMessageLoop(Int32 reason, ApplicationContext context)
   w System.Windows.Forms.Application.RunDialog(Form form)
   w System.Windows.Forms.Form.ShowDialog(IWin32Window owner)
   w System.Windows.Forms.Form.ShowDialog()
   w Elrob.Terminal.View.Implementations.Item.GroupItemView.Elrob.Terminal.View.Interfaces.Item.IGroupItemView.ShowDialog()
   w Elrob.Terminal.Presenter.Implementation.Item.GroupItemPresenter.ShowDialog(Group group) w d:\Dysk Google\Projekty C#\Elrob\Elrob\Presenter\Implementation\Item\GroupItemPresenter.cs:wiersz 40
   w Elrob.Terminal.View.Implementations.Main.GroupView.buttonEdit_Click(Object sender, EventArgs e) w d:\Dysk Google\Projekty C#\Elrob\Elrob\View\Implementations\Main\GroupView.cs:wiersz 61
   w System.Windows.Forms.Control.OnClick(EventArgs e)
   w System.Windows.Forms.Button.OnClick(EventArgs e)
   w System.Windows.Forms.Button.OnMouseUp(MouseEventArgs mevent)
   w System.Windows.Forms.Control.WmMouseUp(Message& m, MouseButtons button, Int32 clicks)
   w System.Windows.Forms.Control.WndProc(Message& m)
   w System.Windows.Forms.ButtonBase.WndProc(Message& m)
   w System.Windows.Forms.Button.WndProc(Message& m)
   w System.Windows.Forms.Control.ControlNativeWindow.OnMessage(Message& m)
   w System.Windows.Forms.Control.ControlNativeWindow.WndProc(Message& m)
   w System.Windows.Forms.NativeWindow.DebuggableCallback(IntPtr hWnd, Int32 msg, IntPtr wparam, IntPtr lparam)
   w System.Windows.Forms.UnsafeNativeMethods.DispatchMessageW(MSG& msg)
   w System.Windows.Forms.Application.ComponentManager.System.Windows.Forms.UnsafeNativeMethods.IMsoComponentManager.FPushMessageLoop(IntPtr dwComponentID, Int32 reason, Int32 pvLoopData)
   w System.Windows.Forms.Application.ThreadContext.RunMessageLoopInner(Int32 reason, ApplicationContext context)
   w System.Windows.Forms.Application.ThreadContext.RunMessageLoop(Int32 reason, ApplicationContext context)
   w System.Windows.Forms.Application.RunDialog(Form form)
   w System.Windows.Forms.Form.ShowDialog(IWin32Window owner)
   w System.Windows.Forms.Form.ShowDialog()
   w Elrob.Terminal.View.Implementations.Main.GroupView.ShowDialog() w d:\Dysk Google\Projekty C#\Elrob\Elrob\View\Implementations\Main\GroupView.cs:wiersz 97
   w Elrob.Terminal.Presenter.Implementation.Main.GroupPresenter.ShowDialog() w d:\Dysk Google\Projekty C#\Elrob\Elrob\Presenter\Implementation\Main\GroupPresenter.cs:wiersz 38
   w Elrob.Terminal.View.Implementations.Main.MainView.buttonGroups_Click(Object sender, EventArgs e) w d:\Dysk Google\Projekty C#\Elrob\Elrob\View\Implementations\Main\MainView.cs:wiersz 94
   w System.Windows.Forms.Control.OnClick(EventArgs e)
   w System.Windows.Forms.Button.OnClick(EventArgs e)
   w System.Windows.Forms.Button.OnMouseUp(MouseEventArgs mevent)
   w System.Windows.Forms.Control.WmMouseUp(Message& m, MouseButtons button, Int32 clicks)
   w System.Windows.Forms.Control.WndProc(Message& m)
   w System.Windows.Forms.ButtonBase.WndProc(Message& m)
   w System.Windows.Forms.Button.WndProc(Message& m)
   w System.Windows.Forms.Control.ControlNativeWindow.OnMessage(Message& m)
   w System.Windows.Forms.Control.ControlNativeWindow.WndProc(Message& m)
   w System.Windows.Forms.NativeWindow.DebuggableCallback(IntPtr hWnd, Int32 msg, IntPtr wparam, IntPtr lparam)
   w System.Windows.Forms.UnsafeNativeMethods.DispatchMessageW(MSG& msg)
   w System.Windows.Forms.Application.ComponentManager.System.Windows.Forms.UnsafeNativeMethods.IMsoComponentManager.FPushMessageLoop(IntPtr dwComponentID, Int32 reason, Int32 pvLoopData)
   w System.Windows.Forms.Application.ThreadContext.RunMessageLoopInner(Int32 reason, ApplicationContext context)
   w System.Windows.Forms.Application.ThreadContext.RunMessageLoop(Int32 reason, ApplicationContext context)
   w System.Windows.Forms.Application.RunDialog(Form form)
   w System.Windows.Forms.Form.ShowDialog(IWin32Window owner)
   w System.Windows.Forms.Form.ShowDialog()
   w Elrob.Terminal.View.Implementations.Main.MainView.ShowDialog() w d:\Dysk Google\Projekty C#\Elrob\Elrob\View\Implementations\Main\MainView.cs:wiersz 57
   w Elrob.Terminal.Presenter.Implementation.Main.MainPresenter.ShowDialog() w d:\Dysk Google\Projekty C#\Elrob\Elrob\Presenter\Implementation\Main\MainPresenter.cs:wiersz 104
   w Elrob.Terminal.Program.Main() w d:\Dysk Google\Projekty C#\Elrob\Elrob\Program.cs:wiersz 38
